server_app/build/app/intermediates/manifest_merge_blame_file/release/manifest-merger-blame-release-report.txt
1<?xml version="1.0" encoding="utf-8"?>
2<manifest xmlns:android="http://schemas.android.com/apk/res/android"
3    package="com.nankai.flutter_nearby_connections_example"
4    android:versionCode="1"
5    android:versionName="1.0" >
6
7    <uses-sdk
8        android:minSdkVersion="16"
8-->src/main/AndroidManifest.xml
9        android:targetSdkVersion="31" />
9-->src/main/AndroidManifest.xml
10
11    <uses-permission android:name="android.permission.BLUETOOTH" />
11-->[:flutter_nearby_connections] AndroidManifest.xml:7:5-68
11-->[:flutter_nearby_connections] AndroidManifest.xml:7:22-65
12    <uses-permission android:name="android.permission.BLUETOOTH_ADMIN" />
12-->[:flutter_nearby_connections] AndroidManifest.xml:8:5-74
12-->[:flutter_nearby_connections] AndroidManifest.xml:8:22-71
13    <uses-permission android:name="android.permission.ACCESS_WIFI_STATE" />
13-->[:flutter_nearby_connections] AndroidManifest.xml:9:5-76
13-->[:flutter_nearby_connections] AndroidManifest.xml:9:22-73
14    <uses-permission android:name="android.permission.BROADCAST_STICKY" />
14-->[:flutter_nearby_connections] AndroidManifest.xml:10:5-75
14-->[:flutter_nearby_connections] AndroidManifest.xml:10:22-72
15    <uses-permission android:name="android.permission.CHANGE_WIFI_STATE" />
15-->[:flutter_nearby_connections] AndroidManifest.xml:11:5-76
15-->[:flutter_nearby_connections] AndroidManifest.xml:11:22-73
16    <uses-permission android:name="android.permission.CHANGE_NETWORK_STATE" />
16-->[:flutter_nearby_connections] AndroidManifest.xml:12:5-79
16-->[:flutter_nearby_connections] AndroidManifest.xml:12:22-76
17    <uses-permission android:name="android.permission.INTERNET" />
17-->[:flutter_nearby_connections] AndroidManifest.xml:13:5-67
17-->[:flutter_nearby_connections] AndroidManifest.xml:13:22-64
18    <uses-permission android:name="android.permission.ACCESS_NETWORK_STATE" />
18-->[:flutter_nearby_connections] AndroidManifest.xml:14:5-79
18-->[:flutter_nearby_connections] AndroidManifest.xml:14:22-76
19
20    <uses-feature android:name="android.hardware.wifi.direct" />
20-->[:flutter_nearby_connections] AndroidManifest.xml:16:5-65
20-->[:flutter_nearby_connections] AndroidManifest.xml:16:19-62
21
22    <uses-permission android:name="android.permission.ACCESS_COARSE_LOCATION" />
22-->[:flutter_nearby_connections] AndroidManifest.xml:18:5-81
22-->[:flutter_nearby_connections] AndroidManifest.xml:18:22-78
23    <uses-permission android:name="android.permission.ACCESS_FINE_LOCATION" />
23-->[:flutter_nearby_connections] AndroidManifest.xml:19:5-79
23-->[:flutter_nearby_connections] AndroidManifest.xml:19:22-76
24    <uses-permission android:name="android.permission.WAKE_LOCK" />
24-->[:flutter_nearby_connections] AndroidManifest.xml:20:5-68
24-->[:flutter_nearby_connections] AndroidManifest.xml:20:22-65
25    <uses-permission android:name="android.permission.FOREGROUND_SERVICE" />
25-->[:flutter_nearby_connections] AndroidManifest.xml:21:5-77
25-->[:flutter_nearby_connections] AndroidManifest.xml:21:22-74
26    <!--
27 io.flutter.app.FlutterApplication is an android.app.Application that
28         calls FlutterMain.startInitialization(this); in its onCreate method.
29         In most cases you can leave this as-is, but you if you want to provide
30         additional functionality it is fine to subclass or reimplement
31         FlutterApplication and put your custom class here.
32    -->
33    <application
33-->src/main/AndroidManifest.xml:8:5-46:19
34        android:name="io.flutter.app.FlutterApplication"
34-->src/main/AndroidManifest.xml:9:9-57
35        android:appComponentFactory="androidx.core.app.CoreComponentFactory"
35-->[androidx.core:core:1.8.0-alpha02] AndroidManifest.xml:24:18-86
36        android:icon="@mipmap/ic_launcher"
36-->src/main/AndroidManifest.xml:11:9-43
37        android:label="flutter_nearby_connections_example" >
37-->src/main/AndroidManifest.xml:10:9-59
38        <activity
38-->src/main/AndroidManifest.xml:12:9-40:20
39            android:name="com.nankai.flutter_nearby_connections_example.MainActivity"
39-->src/main/AndroidManifest.xml:13:13-41
40            android:configChanges="orientation|keyboardHidden|keyboard|screenSize|smallestScreenSize|locale|layoutDirection|fontScale|screenLayout|density|uiMode"
40-->src/main/AndroidManifest.xml:16:13-163
41            android:hardwareAccelerated="true"
41-->src/main/AndroidManifest.xml:17:13-47
42            android:launchMode="singleTop"
42-->src/main/AndroidManifest.xml:14:13-43
43            android:theme="@style/LaunchTheme"
43-->src/main/AndroidManifest.xml:15:13-47
44            android:windowSoftInputMode="adjustResize" >
44-->src/main/AndroidManifest.xml:18:13-55
45
46            <!--
47                 Specifies an Android theme to apply to this Activity as soon as
48                 the Android process has started. This theme is visible to the user
49                 while the Flutter UI initializes. After that, this theme continues
50                 to determine the Window background behind the Flutter UI.
51            -->
52            <meta-data
52-->src/main/AndroidManifest.xml:23:13-26:17
53                android:name="io.flutter.embedding.android.NormalTheme"
53-->src/main/AndroidManifest.xml:24:15-70
54                android:resource="@style/NormalTheme" />
54-->src/main/AndroidManifest.xml:25:15-52
55            <!--
56                 Displays an Android View that continues showing the launch screen
57                 Drawable until Flutter paints its first frame, then this splash
58                 screen fades out. A splash screen is useful to avoid any visual
59                 gap between the end of Android's launch screen and the painting of
60                 Flutter's first frame.
61            -->
62            <meta-data
62-->src/main/AndroidManifest.xml:32:13-35:17
63                android:name="io.flutter.embedding.android.SplashScreenDrawable"
63-->src/main/AndroidManifest.xml:33:15-79
64                android:resource="@drawable/launch_background" />
64-->src/main/AndroidManifest.xml:34:15-61
65
66            <intent-filter>
66-->src/main/AndroidManifest.xml:36:13-39:29
67                <action android:name="android.intent.action.MAIN" />
67-->src/main/AndroidManifest.xml:37:17-68
67-->src/main/AndroidManifest.xml:37:25-66
68
69                <category android:name="android.intent.category.LAUNCHER" />
69-->src/main/AndroidManifest.xml:38:17-76
69-->src/main/AndroidManifest.xml:38:27-74
70            </intent-filter>
71        </activity>
72        <!--
73             Don't delete the meta-data below.
74             This is used by the Flutter tool to generate GeneratedPluginRegistrant.java
75        -->
76        <meta-data
76-->src/main/AndroidManifest.xml:43:9-45:33
77            android:name="flutterEmbedding"
77-->src/main/AndroidManifest.xml:44:13-44
78            android:value="2" />
78-->src/main/AndroidManifest.xml:45:13-30
79
80        <service
80-->[:flutter_nearby_connections] AndroidManifest.xml:24:9-27:40
81            android:name="com.nankai.flutter_nearby_connections.NearbyService"
81-->[:flutter_nearby_connections] AndroidManifest.xml:25:13-79
82            android:enabled="true"
82-->[:flutter_nearby_connections] AndroidManifest.xml:26:13-35
83            android:exported="false" />
83-->[:flutter_nearby_connections] AndroidManifest.xml:27:13-37
84
85        <activity
85-->[com.google.android.gms:play-services-base:17.3.0] AndroidManifest.xml:23:9-26:75
86            android:name="com.google.android.gms.common.api.GoogleApiActivity"
86-->[com.google.android.gms:play-services-base:17.3.0] AndroidManifest.xml:24:13-79
87            android:exported="false"
87-->[com.google.android.gms:play-services-base:17.3.0] AndroidManifest.xml:25:13-37
88            android:theme="@android:style/Theme.Translucent.NoTitleBar" />
88-->[com.google.android.gms:play-services-base:17.3.0] AndroidManifest.xml:26:13-72
89
90        <meta-data
90-->[com.google.android.gms:play-services-basement:17.3.0] AndroidManifest.xml:23:9-25:69
91            android:name="com.google.android.gms.version"
91-->[com.google.android.gms:play-services-basement:17.3.0] AndroidManifest.xml:24:13-58
92            android:value="@integer/google_play_services_version" />
92-->[com.google.android.gms:play-services-basement:17.3.0] AndroidManifest.xml:25:13-66
93    </application>
94
95</manifest>